* using log directory ‘/Users/zaldiss/Library/Mobile Documents/com~apple~CloudDocs/Antigravity/Elrond/HaploGeno/..Rcheck’
* using R version 4.5.1 (2025-06-13)
* using platform: x86_64-apple-darwin20
* R was compiled by
    Apple clang version 14.0.0 (clang-1400.0.29.202)
    GNU Fortran (GCC) 14.2.0
* running under: macOS Sequoia 15.4.1
* using session charset: UTF-8
* checking for file ‘./DESCRIPTION’ ... OK
* this is package ‘HaploGeno’ version ‘0.3.0’
* package encoding: UTF-8
* checking package namespace information ... OK
* checking package dependencies ... OK
* checking if this is a source package ... WARNING
Subdirectory ‘HaploGeno/src’ contains apparent object files/libraries
  HaploGeno.so RcppExports.o haplo_encode.o solve_ridge.o
Object files/libraries should not be included in a source package.
* checking if there is a namespace ... OK
* checking for executable files ... WARNING
Found the following executable file:
  test
Source packages should not contain undeclared executable files.
See section ‘Package structure’ in the ‘Writing R Extensions’ manual.
* checking for hidden files and directories ... NOTE
Found the following hidden files and directories:
  .Rhistory
  .Rprofile
  ..Rcheck
  .Rproj.user
These were most likely included in error. See section ‘Package
structure’ in the ‘Writing R Extensions’ manual.
* checking for portable file names ... OK
* checking for sufficient/correct file permissions ... OK
* checking whether package ‘HaploGeno’ can be installed ... OK
* used C++ compiler: ‘Apple clang version 17.0.0 (clang-1700.0.13.5)’
* used SDK: ‘MacOSX15.5.sdk’
* checking installed package size ... OK
* checking package directory ... OK
* checking DESCRIPTION meta-information ... NOTE
License components which are templates and need '+ file LICENSE':
  MIT
Checking should be performed on sources prepared by ‘R CMD build’.
* checking top-level files ... OK
* checking for left-over files ... OK
* checking index information ... OK
* checking package subdirectories ... WARNING
Found the following directory with the name of a check directory:
  ./..Rcheck
Most likely, these were included erroneously.
* checking code files for non-ASCII characters ... OK
* checking R files for syntax errors ... OK
* checking whether the package can be loaded ... OK
* checking whether the package can be loaded with stated dependencies ... OK
* checking whether the package can be unloaded cleanly ... OK
* checking whether the namespace can be loaded with stated dependencies ... OK
* checking whether the namespace can be unloaded cleanly ... OK
* checking dependencies in R code ... OK
* checking S3 generic/method consistency ... OK
* checking replacement functions ... OK
* checking foreign function calls ... OK
* checking R code for possible problems ... OK
* checking Rd files ... OK
* checking Rd metadata ... OK
* checking Rd cross-references ... OK
* checking for missing documentation entries ... WARNING
Undocumented code objects:
  ‘ridge_solver_cpp’
All user-level objects in a package should have documentation entries.
See chapter ‘Writing R documentation files’ in the ‘Writing R
Extensions’ manual.
* checking for code/documentation mismatches ... OK
* checking Rd \usage sections ... OK
* checking Rd contents ... OK
* checking for unstated dependencies in examples ... OK
* checking LazyData ... INFO
  'LazyData' is specified without a 'data' directory
* checking line endings in C/C++/Fortran sources/headers ... NOTE
Found the following sources/headers not terminated with a newline:
  src/haplo_encode.cpp
Some compilers warn on such files.
* checking line endings in Makefiles ... OK
* checking compilation flags in Makevars ... OK
* checking for GNU extensions in Makefiles ... OK
* checking for portable use of $(BLAS_LIBS) and $(LAPACK_LIBS) ... WARNING
  apparently using $(BLAS_LIBS) without following $(FLIBS) in ‘src/Makevars’
* checking use of PKG_*FLAGS in Makefiles ... OK
* checking compiled code ... OK
* checking files in ‘vignettes’ ... WARNING
Files in the 'vignettes' directory but no files in 'inst/doc':
  ‘introduction.Rmd’
* checking examples ... NONE
* checking for unstated dependencies in vignettes ... OK
* checking package vignettes ... WARNING
Directory 'inst/doc' does not exist.
Package vignette without corresponding single PDF/HTML:
  ‘introduction.Rmd’
* checking re-building of vignette outputs ... OK
* checking PDF version of manual ... OK
* DONE
Status: 7 WARNINGs, 3 NOTEs
